2025-02-28 15:40:45 INFO  [main] api.giybat.uz.Application - Starting Application using Java 21.0.2 with PID 13335 (/Users/temurerkinov/Desktop/api.giybat.uz/target/classes started by temurerkinov in /Users/temurerkinov/Desktop/api.giybat.uz)
2025-02-28 15:40:45 INFO  [main] api.giybat.uz.Application - The following 1 profile is active: "local"
2025-02-28 15:40:45 INFO  [main] o.s.d.r.c.RepositoryConfigurationDelegate - Bootstrapping Spring Data JPA repositories in DEFAULT mode.
2025-02-28 15:40:45 INFO  [main] o.s.d.r.c.RepositoryConfigurationDelegate - Finished Spring Data repository scanning in 25 ms. Found 6 JPA repository interfaces.
2025-02-28 15:40:45 INFO  [main] o.s.b.w.e.tomcat.TomcatWebServer - Tomcat initialized with port(s): 8080 (http)
2025-02-28 15:40:45 INFO  [main] o.a.catalina.core.StandardService - Starting service [Tomcat]
2025-02-28 15:40:45 INFO  [main] o.a.catalina.core.StandardEngine - Starting Servlet engine: [Apache Tomcat/10.1.13]
2025-02-28 15:40:45 INFO  [main] o.a.c.c.C.[Tomcat].[localhost].[/] - Initializing Spring embedded WebApplicationContext
2025-02-28 15:40:45 INFO  [main] o.s.b.w.s.c.ServletWebServerApplicationContext - Root WebApplicationContext: initialization completed in 679 ms
2025-02-28 15:40:45 INFO  [main] o.h.jpa.internal.util.LogHelper - HHH000204: Processing PersistenceUnitInfo [name: default]
2025-02-28 15:40:45 INFO  [main] org.hibernate.Version - HHH000412: Hibernate ORM core version 6.2.9.Final
2025-02-28 15:40:45 INFO  [main] org.hibernate.cfg.Environment - HHH000406: Using bytecode reflection optimizer
2025-02-28 15:40:46 INFO  [main] o.h.b.i.BytecodeProviderInitiator - HHH000021: Bytecode provider name : bytebuddy
2025-02-28 15:40:46 INFO  [main] o.s.o.j.p.SpringPersistenceUnitInfo - No LoadTimeWeaver setup: ignoring JPA class transformer
2025-02-28 15:40:46 INFO  [main] com.zaxxer.hikari.HikariDataSource - HikariPool-1 - Starting...
2025-02-28 15:40:46 INFO  [main] com.zaxxer.hikari.pool.HikariPool - HikariPool-1 - Added connection org.postgresql.jdbc.PgConnection@5e0f2c82
2025-02-28 15:40:46 INFO  [main] com.zaxxer.hikari.HikariDataSource - HikariPool-1 - Start completed.
2025-02-28 15:40:46 INFO  [main] o.h.b.i.BytecodeProviderInitiator - HHH000021: Bytecode provider name : bytebuddy
2025-02-28 15:40:46 INFO  [main] o.h.e.t.j.p.i.JtaPlatformInitiator - HHH000490: Using JtaPlatform implementation: [org.hibernate.engine.transaction.jta.platform.internal.NoJtaPlatform]
2025-02-28 15:40:46 INFO  [main] o.s.o.j.LocalContainerEntityManagerFactoryBean - Initialized JPA EntityManagerFactory for persistence unit 'default'
2025-02-28 15:40:46 INFO  [main] o.s.d.j.r.query.QueryEnhancerFactory - Hibernate is in classpath; If applicable, HQL parser will be used.
2025-02-28 15:40:47 WARN  [main] o.s.b.a.o.j.JpaBaseConfiguration$JpaWebConfiguration - spring.jpa.open-in-view is enabled by default. Therefore, database queries may be performed during view rendering. Explicitly configure spring.jpa.open-in-view to disable this warning
2025-02-28 15:40:47 INFO  [main] o.s.s.web.DefaultSecurityFilterChain - Will secure any request with [org.springframework.security.web.session.DisableEncodeUrlFilter@57a259c1, org.springframework.security.web.context.request.async.WebAsyncManagerIntegrationFilter@1427827f, org.springframework.security.web.context.SecurityContextHolderFilter@4690cb47, org.springframework.security.web.header.HeaderWriterFilter@72f86029, org.springframework.web.filter.CorsFilter@27015621, org.springframework.security.web.authentication.logout.LogoutFilter@609a996f, api.giybat.uz.config.JwtAuthenticationFilter@7c1f3125, org.springframework.security.web.savedrequest.RequestCacheAwareFilter@74940388, org.springframework.security.web.servletapi.SecurityContextHolderAwareRequestFilter@39000894, org.springframework.security.web.authentication.AnonymousAuthenticationFilter@4b6575fd, org.springframework.security.web.access.ExceptionTranslationFilter@3a6ae0f0, org.springframework.security.web.access.intercept.AuthorizationFilter@4bcfa08b]
2025-02-28 15:40:47 INFO  [main] o.s.b.w.e.tomcat.TomcatWebServer - Tomcat started on port(s): 8080 (http) with context path ''
2025-02-28 15:40:47 INFO  [main] api.giybat.uz.Application - Started Application in 2.49 seconds (process running for 2.991)
2025-02-28 15:40:47 INFO  [main] o.f.c.i.license.VersionPrinter - Flyway Community Edition 9.16.3 by Redgate
2025-02-28 15:40:47 INFO  [main] o.f.c.i.license.VersionPrinter - See release notes here: https://rd.gt/416ObMi
2025-02-28 15:40:47 INFO  [main] o.f.c.i.license.VersionPrinter - 
2025-02-28 15:40:47 INFO  [main] o.f.c.i.d.base.BaseDatabaseType - Database: jdbc:postgresql://localhost:5432/giybat_db (PostgreSQL 16.3)
2025-02-28 15:40:47 WARN  [main] o.f.c.i.database.base.Database - Flyway upgrade recommended: PostgreSQL 16.3 is newer than this version of Flyway and support has not been tested. The latest supported version of PostgreSQL is 15.
2025-02-28 15:40:47 INFO  [main] o.f.core.internal.command.DbValidate - Successfully validated 2 migrations (execution time 00:00.009s)
2025-02-28 15:40:47 INFO  [main] o.f.core.internal.command.DbMigrate - Current version of schema "public": 1
2025-02-28 15:40:47 INFO  [main] o.f.core.internal.command.DbMigrate - Schema "public" is up to date. No migration necessary.
2025-02-28 15:41:42 INFO  [http-nio-8080-exec-1] o.a.c.c.C.[Tomcat].[localhost].[/] - Initializing Spring DispatcherServlet 'dispatcherServlet'
2025-02-28 15:41:42 INFO  [http-nio-8080-exec-1] o.s.web.servlet.DispatcherServlet - Initializing Servlet 'dispatcherServlet'
2025-02-28 15:41:42 INFO  [http-nio-8080-exec-1] o.s.web.servlet.DispatcherServlet - Completed initialization in 2 ms
2025-02-28 15:42:25 INFO  [http-nio-8080-exec-6] a.g.uz.controller.AuthController - login : AuthDTO{username='erkinovtemur351@gmail.com', password='123'}
2025-02-28 15:49:16 INFO  [SpringApplicationShutdownHook] o.s.o.j.LocalContainerEntityManagerFactoryBean - Closing JPA EntityManagerFactory for persistence unit 'default'
2025-02-28 15:49:16 INFO  [SpringApplicationShutdownHook] com.zaxxer.hikari.HikariDataSource - HikariPool-1 - Shutdown initiated...
2025-02-28 15:49:16 INFO  [SpringApplicationShutdownHook] com.zaxxer.hikari.HikariDataSource - HikariPool-1 - Shutdown completed.
2025-02-28 16:01:51 INFO  [main] api.giybat.uz.Application - Starting Application using Java 21.0.2 with PID 13615 (/Users/temurerkinov/Desktop/api.giybat.uz/target/classes started by temurerkinov in /Users/temurerkinov/Desktop/api.giybat.uz)
2025-02-28 16:01:51 INFO  [main] api.giybat.uz.Application - The following 1 profile is active: "local"
2025-02-28 16:01:51 INFO  [main] o.s.d.r.c.RepositoryConfigurationDelegate - Bootstrapping Spring Data JPA repositories in DEFAULT mode.
2025-02-28 16:01:51 INFO  [main] o.s.d.r.c.RepositoryConfigurationDelegate - Finished Spring Data repository scanning in 25 ms. Found 6 JPA repository interfaces.
2025-02-28 16:01:52 INFO  [main] o.s.b.w.e.tomcat.TomcatWebServer - Tomcat initialized with port(s): 8080 (http)
2025-02-28 16:01:52 INFO  [main] o.a.catalina.core.StandardService - Starting service [Tomcat]
2025-02-28 16:01:52 INFO  [main] o.a.catalina.core.StandardEngine - Starting Servlet engine: [Apache Tomcat/10.1.13]
2025-02-28 16:01:52 INFO  [main] o.a.c.c.C.[Tomcat].[localhost].[/] - Initializing Spring embedded WebApplicationContext
2025-02-28 16:01:52 INFO  [main] o.s.b.w.s.c.ServletWebServerApplicationContext - Root WebApplicationContext: initialization completed in 729 ms
2025-02-28 16:01:52 INFO  [main] o.h.jpa.internal.util.LogHelper - HHH000204: Processing PersistenceUnitInfo [name: default]
2025-02-28 16:01:52 INFO  [main] org.hibernate.Version - HHH000412: Hibernate ORM core version 6.2.9.Final
2025-02-28 16:01:52 INFO  [main] org.hibernate.cfg.Environment - HHH000406: Using bytecode reflection optimizer
2025-02-28 16:01:52 INFO  [main] o.h.b.i.BytecodeProviderInitiator - HHH000021: Bytecode provider name : bytebuddy
2025-02-28 16:01:52 INFO  [main] o.s.o.j.p.SpringPersistenceUnitInfo - No LoadTimeWeaver setup: ignoring JPA class transformer
2025-02-28 16:01:52 INFO  [main] com.zaxxer.hikari.HikariDataSource - HikariPool-1 - Starting...
2025-02-28 16:01:52 INFO  [main] com.zaxxer.hikari.pool.HikariPool - HikariPool-1 - Added connection org.postgresql.jdbc.PgConnection@37fef327
2025-02-28 16:01:52 INFO  [main] com.zaxxer.hikari.HikariDataSource - HikariPool-1 - Start completed.
2025-02-28 16:01:52 INFO  [main] o.h.b.i.BytecodeProviderInitiator - HHH000021: Bytecode provider name : bytebuddy
2025-02-28 16:01:53 INFO  [main] o.h.e.t.j.p.i.JtaPlatformInitiator - HHH000490: Using JtaPlatform implementation: [org.hibernate.engine.transaction.jta.platform.internal.NoJtaPlatform]
2025-02-28 16:01:53 INFO  [main] o.s.o.j.LocalContainerEntityManagerFactoryBean - Initialized JPA EntityManagerFactory for persistence unit 'default'
2025-02-28 16:01:53 INFO  [main] o.s.d.j.r.query.QueryEnhancerFactory - Hibernate is in classpath; If applicable, HQL parser will be used.
2025-02-28 16:01:53 WARN  [main] o.s.b.a.o.j.JpaBaseConfiguration$JpaWebConfiguration - spring.jpa.open-in-view is enabled by default. Therefore, database queries may be performed during view rendering. Explicitly configure spring.jpa.open-in-view to disable this warning
2025-02-28 16:01:53 INFO  [main] o.s.s.web.DefaultSecurityFilterChain - Will secure any request with [org.springframework.security.web.session.DisableEncodeUrlFilter@4bcfa08b, org.springframework.security.web.context.request.async.WebAsyncManagerIntegrationFilter@1e90939f, org.springframework.security.web.context.SecurityContextHolderFilter@3a6ae0f0, org.springframework.security.web.header.HeaderWriterFilter@5cb3c9e6, org.springframework.web.filter.CorsFilter@20bc6f4d, org.springframework.security.web.authentication.logout.LogoutFilter@1aa21319, api.giybat.uz.config.JwtAuthenticationFilter@3119fcad, org.springframework.security.web.savedrequest.RequestCacheAwareFilter@72f86029, org.springframework.security.web.servletapi.SecurityContextHolderAwareRequestFilter@77d80294, org.springframework.security.web.authentication.AnonymousAuthenticationFilter@7b491b89, org.springframework.security.web.access.ExceptionTranslationFilter@42c7781a, org.springframework.security.web.access.intercept.AuthorizationFilter@1e085e71]
2025-02-28 16:01:53 INFO  [main] o.s.b.w.e.tomcat.TomcatWebServer - Tomcat started on port(s): 8080 (http) with context path ''
2025-02-28 16:01:53 INFO  [main] api.giybat.uz.Application - Started Application in 2.566 seconds (process running for 2.933)
2025-02-28 16:01:54 INFO  [main] o.f.c.i.license.VersionPrinter - Flyway Community Edition 9.16.3 by Redgate
2025-02-28 16:01:54 INFO  [main] o.f.c.i.license.VersionPrinter - See release notes here: https://rd.gt/416ObMi
2025-02-28 16:01:54 INFO  [main] o.f.c.i.license.VersionPrinter - 
2025-02-28 16:01:54 INFO  [main] o.f.c.i.d.base.BaseDatabaseType - Database: jdbc:postgresql://localhost:5432/giybat_db (PostgreSQL 16.3)
2025-02-28 16:01:54 WARN  [main] o.f.c.i.database.base.Database - Flyway upgrade recommended: PostgreSQL 16.3 is newer than this version of Flyway and support has not been tested. The latest supported version of PostgreSQL is 15.
2025-02-28 16:01:54 INFO  [main] o.f.core.internal.command.DbValidate - Successfully validated 2 migrations (execution time 00:00.009s)
2025-02-28 16:01:54 INFO  [main] o.f.core.internal.command.DbMigrate - Current version of schema "public": 1
2025-02-28 16:01:54 INFO  [main] o.f.core.internal.command.DbMigrate - Schema "public" is up to date. No migration necessary.
2025-02-28 16:02:00 INFO  [http-nio-8080-exec-1] o.a.c.c.C.[Tomcat].[localhost].[/] - Initializing Spring DispatcherServlet 'dispatcherServlet'
2025-02-28 16:02:00 INFO  [http-nio-8080-exec-1] o.s.web.servlet.DispatcherServlet - Initializing Servlet 'dispatcherServlet'
2025-02-28 16:02:00 INFO  [http-nio-8080-exec-1] o.s.web.servlet.DispatcherServlet - Completed initialization in 4 ms
2025-02-28 16:02:52 INFO  [SpringApplicationShutdownHook] o.s.o.j.LocalContainerEntityManagerFactoryBean - Closing JPA EntityManagerFactory for persistence unit 'default'
2025-02-28 16:02:52 INFO  [SpringApplicationShutdownHook] com.zaxxer.hikari.HikariDataSource - HikariPool-1 - Shutdown initiated...
2025-02-28 16:02:52 INFO  [SpringApplicationShutdownHook] com.zaxxer.hikari.HikariDataSource - HikariPool-1 - Shutdown completed.
2025-02-28 16:03:29 INFO  [main] api.giybat.uz.Application - Starting Application using Java 21.0.2 with PID 13660 (/Users/temurerkinov/Desktop/api.giybat.uz/target/classes started by temurerkinov in /Users/temurerkinov/Desktop/api.giybat.uz)
2025-02-28 16:03:29 INFO  [main] api.giybat.uz.Application - The following 1 profile is active: "local"
2025-02-28 16:03:29 INFO  [main] o.s.d.r.c.RepositoryConfigurationDelegate - Bootstrapping Spring Data JPA repositories in DEFAULT mode.
2025-02-28 16:03:29 INFO  [main] o.s.d.r.c.RepositoryConfigurationDelegate - Finished Spring Data repository scanning in 23 ms. Found 6 JPA repository interfaces.
2025-02-28 16:03:29 INFO  [main] o.s.b.w.e.tomcat.TomcatWebServer - Tomcat initialized with port(s): 8080 (http)
2025-02-28 16:03:29 INFO  [main] o.a.catalina.core.StandardService - Starting service [Tomcat]
2025-02-28 16:03:29 INFO  [main] o.a.catalina.core.StandardEngine - Starting Servlet engine: [Apache Tomcat/10.1.13]
2025-02-28 16:03:29 INFO  [main] o.a.c.c.C.[Tomcat].[localhost].[/] - Initializing Spring embedded WebApplicationContext
2025-02-28 16:03:29 INFO  [main] o.s.b.w.s.c.ServletWebServerApplicationContext - Root WebApplicationContext: initialization completed in 614 ms
2025-02-28 16:03:29 INFO  [main] o.h.jpa.internal.util.LogHelper - HHH000204: Processing PersistenceUnitInfo [name: default]
2025-02-28 16:03:29 INFO  [main] org.hibernate.Version - HHH000412: Hibernate ORM core version 6.2.9.Final
2025-02-28 16:03:29 INFO  [main] org.hibernate.cfg.Environment - HHH000406: Using bytecode reflection optimizer
2025-02-28 16:03:29 INFO  [main] o.h.b.i.BytecodeProviderInitiator - HHH000021: Bytecode provider name : bytebuddy
2025-02-28 16:03:29 INFO  [main] o.s.o.j.p.SpringPersistenceUnitInfo - No LoadTimeWeaver setup: ignoring JPA class transformer
2025-02-28 16:03:29 INFO  [main] com.zaxxer.hikari.HikariDataSource - HikariPool-1 - Starting...
2025-02-28 16:03:29 INFO  [main] com.zaxxer.hikari.pool.HikariPool - HikariPool-1 - Added connection org.postgresql.jdbc.PgConnection@46b5f061
2025-02-28 16:03:29 INFO  [main] com.zaxxer.hikari.HikariDataSource - HikariPool-1 - Start completed.
2025-02-28 16:03:30 INFO  [main] o.h.b.i.BytecodeProviderInitiator - HHH000021: Bytecode provider name : bytebuddy
2025-02-28 16:03:30 INFO  [main] o.h.e.t.j.p.i.JtaPlatformInitiator - HHH000490: Using JtaPlatform implementation: [org.hibernate.engine.transaction.jta.platform.internal.NoJtaPlatform]
2025-02-28 16:03:30 INFO  [main] o.s.o.j.LocalContainerEntityManagerFactoryBean - Initialized JPA EntityManagerFactory for persistence unit 'default'
2025-02-28 16:03:30 INFO  [main] o.s.d.j.r.query.QueryEnhancerFactory - Hibernate is in classpath; If applicable, HQL parser will be used.
2025-02-28 16:03:30 WARN  [main] o.s.b.a.o.j.JpaBaseConfiguration$JpaWebConfiguration - spring.jpa.open-in-view is enabled by default. Therefore, database queries may be performed during view rendering. Explicitly configure spring.jpa.open-in-view to disable this warning
2025-02-28 16:03:31 INFO  [main] o.s.s.web.DefaultSecurityFilterChain - Will secure any request with [org.springframework.security.web.session.DisableEncodeUrlFilter@3dcf26b5, org.springframework.security.web.context.request.async.WebAsyncManagerIntegrationFilter@1a9ba6c2, org.springframework.security.web.context.SecurityContextHolderFilter@4f20ff8e, org.springframework.security.web.header.HeaderWriterFilter@16dc12cf, org.springframework.web.filter.CorsFilter@2e940dd0, org.springframework.security.web.authentication.logout.LogoutFilter@45543b88, api.giybat.uz.config.JwtAuthenticationFilter@1c5f6292, org.springframework.security.web.savedrequest.RequestCacheAwareFilter@e9e25b5, org.springframework.security.web.servletapi.SecurityContextHolderAwareRequestFilter@28e12bc5, org.springframework.security.web.authentication.AnonymousAuthenticationFilter@24a4e9c0, org.springframework.security.web.access.ExceptionTranslationFilter@34f37ed4, org.springframework.security.web.access.intercept.AuthorizationFilter@3d577add]
2025-02-28 16:03:31 INFO  [main] o.s.b.w.e.tomcat.TomcatWebServer - Tomcat started on port(s): 8080 (http) with context path ''
2025-02-28 16:03:31 INFO  [main] api.giybat.uz.Application - Started Application in 2.34 seconds (process running for 2.713)
2025-02-28 16:03:31 INFO  [main] o.f.c.i.license.VersionPrinter - Flyway Community Edition 9.16.3 by Redgate
2025-02-28 16:03:31 INFO  [main] o.f.c.i.license.VersionPrinter - See release notes here: https://rd.gt/416ObMi
2025-02-28 16:03:31 INFO  [main] o.f.c.i.license.VersionPrinter - 
2025-02-28 16:03:31 INFO  [main] o.f.c.i.d.base.BaseDatabaseType - Database: jdbc:postgresql://localhost:5432/giybat_db (PostgreSQL 16.3)
2025-02-28 16:03:31 WARN  [main] o.f.c.i.database.base.Database - Flyway upgrade recommended: PostgreSQL 16.3 is newer than this version of Flyway and support has not been tested. The latest supported version of PostgreSQL is 15.
2025-02-28 16:03:31 INFO  [main] o.f.core.internal.command.DbValidate - Successfully validated 2 migrations (execution time 00:00.009s)
2025-02-28 16:03:31 INFO  [main] o.f.core.internal.command.DbMigrate - Current version of schema "public": 1
2025-02-28 16:03:31 INFO  [main] o.f.core.internal.command.DbMigrate - Schema "public" is up to date. No migration necessary.
2025-02-28 16:03:42 INFO  [http-nio-8080-exec-1] o.a.c.c.C.[Tomcat].[localhost].[/] - Initializing Spring DispatcherServlet 'dispatcherServlet'
2025-02-28 16:03:42 INFO  [http-nio-8080-exec-1] o.s.web.servlet.DispatcherServlet - Initializing Servlet 'dispatcherServlet'
2025-02-28 16:03:42 INFO  [http-nio-8080-exec-1] o.s.web.servlet.DispatcherServlet - Completed initialization in 1 ms
2025-02-28 16:03:42 INFO  [http-nio-8080-exec-2] a.g.uz.controller.AuthController - login : AuthDTO{username='+998992880212', password='123'}
2025-02-28 16:03:51 INFO  [SpringApplicationShutdownHook] o.s.o.j.LocalContainerEntityManagerFactoryBean - Closing JPA EntityManagerFactory for persistence unit 'default'
2025-02-28 16:03:51 INFO  [SpringApplicationShutdownHook] com.zaxxer.hikari.HikariDataSource - HikariPool-1 - Shutdown initiated...
2025-02-28 16:03:51 INFO  [SpringApplicationShutdownHook] com.zaxxer.hikari.HikariDataSource - HikariPool-1 - Shutdown completed.
